[2024-11-14 13:00:08] local.ERROR: Connection to "process /usr/sbin/sendmail -bs" has been closed unexpectedly.  
[2024-11-14 13:00:08] local.ERROR: #0 /var/www/traineasy/vendor/symfony/mailer/Transport/Smtp/SmtpTransport.php(341): Symfony\Component\Mailer\Transport\Smtp\Stream\AbstractStream->readLine()
#1 /var/www/traineasy/vendor/symfony/mailer/Transport/Smtp/SmtpTransport.php(271): Symfony\Component\Mailer\Transport\Smtp\SmtpTransport->getFullResponse()
#2 /var/www/traineasy/vendor/symfony/mailer/Transport/Smtp/SmtpTransport.php(209): Symfony\Component\Mailer\Transport\Smtp\SmtpTransport->start()
#3 /var/www/traineasy/vendor/symfony/mailer/Transport/AbstractTransport.php(69): Symfony\Component\Mailer\Transport\Smtp\SmtpTransport->doSend()
#4 /var/www/traineasy/vendor/symfony/mailer/Transport/Smtp/SmtpTransport.php(137): Symfony\Component\Mailer\Transport\AbstractTransport->send()
#5 /var/www/traineasy/vendor/symfony/mailer/Transport/SendmailTransport.php(74): Symfony\Component\Mailer\Transport\Smtp\SmtpTransport->send()
#6 /var/www/traineasy/vendor/laravel/framework/src/Illuminate/Mail/Mailer.php(588): Symfony\Component\Mailer\Transport\SendmailTransport->send()
#7 /var/www/traineasy/vendor/laravel/framework/src/Illuminate/Mail/Mailer.php(335): Illuminate\Mail\Mailer->sendSymfonyMessage()
#8 /var/www/traineasy/vendor/laravel/framework/src/Illuminate/Mail/Mailable.php(205): Illuminate\Mail\Mailer->send()
#9 /var/www/traineasy/vendor/laravel/framework/src/Illuminate/Support/Traits/Localizable.php(19): Illuminate\Mail\Mailable->Illuminate\Mail\{closure}()
#10 /var/www/traineasy/vendor/laravel/framework/src/Illuminate/Mail/Mailable.php(198): Illuminate\Mail\Mailable->withLocale()
#11 /var/www/traineasy/vendor/laravel/framework/src/Illuminate/Mail/Mailer.php(357): Illuminate\Mail\Mailable->send()
#12 /var/www/traineasy/vendor/laravel/framework/src/Illuminate/Mail/Mailer.php(301): Illuminate\Mail\Mailer->sendMailable()
#13 /var/www/traineasy/vendor/laravel/framework/src/Illuminate/Mail/PendingMail.php(124): Illuminate\Mail\Mailer->send()
#14 /var/www/traineasy/app/Lib/HelperTrait.php(154): Illuminate\Mail\PendingMail->send()
#15 /var/www/traineasy/app/Http/Controllers/Auth/RegisterController.php(301): App\Http\Controllers\Auth\RegisterController->sendEmail()
#16 /var/www/traineasy/app/Http/Controllers/Auth/RegisterController.php(215): App\Http\Controllers\Auth\RegisterController->create()
#17 /var/www/traineasy/vendor/laravel/framework/src/Illuminate/Routing/Controller.php(54): App\Http\Controllers\Auth\RegisterController->register()
#18 /var/www/traineasy/vendor/laravel/framework/src/Illuminate/Routing/ControllerDispatcher.php(43): Illuminate\Routing\Controller->callAction()
#19 /var/www/traineasy/vendor/laravel/framework/src/Illuminate/Routing/Route.php(260): Illuminate\Routing\ControllerDispatcher->dispatch()
#20 /var/www/traineasy/vendor/laravel/framework/src/Illuminate/Routing/Route.php(206): Illuminate\Routing\Route->runController()
#21 /var/www/traineasy/vendor/laravel/framework/src/Illuminate/Routing/Router.php(806): Illuminate\Routing\Route->run()
#22 /var/www/traineasy/vendor/laravel/framework/src/Illuminate/Pipeline/Pipeline.php(144): Illuminate\Routing\Router->Illuminate\Routing\{closure}()
#23 /var/www/traineasy/app/Http/Middleware/RedirectIfAuthenticated.php(25): Illuminate\Pipeline\Pipeline->Illuminate\Pipeline\{closure}()
#24 /var/www/traineasy/vendor/laravel/framework/src/Illuminate/Pipeline/Pipeline.php(183): App\Http\Middleware\RedirectIfAuthenticated->handle()
#25 /var/www/traineasy/vendor/laravel/framework/src/Illuminate/Routing/Middleware/SubstituteBindings.php(50): Illuminate\Pipeline\Pipeline->Illuminate\Pipeline\{closure}()
#26 /var/www/traineasy/vendor/laravel/framework/src/Illuminate/Pipeline/Pipeline.php(183): Illuminate\Routing\Middleware\SubstituteBindings->handle()
#27 /var/www/traineasy/vendor/laravel/framework/src/Illuminate/Foundation/Http/Middleware/VerifyCsrfToken.php(88): Illuminate\Pipeline\Pipeline->Illuminate\Pipeline\{closure}()
#28 /var/www/traineasy/vendor/laravel/framework/src/Illuminate/Pipeline/Pipeline.php(183): Illuminate\Foundation\Http\Middleware\VerifyCsrfToken->handle()
#29 /var/www/traineasy/vendor/laravel/framework/src/Illuminate/View/Middleware/ShareErrorsFromSession.php(49): Illuminate\Pipeline\Pipeline->Illuminate\Pipeline\{closure}()
#30 /var/www/traineasy/vendor/laravel/framework/src/Illuminate/Pipeline/Pipeline.php(183): Illuminate\View\Middleware\ShareErrorsFromSession->handle()
#31 /var/www/traineasy/app/Http/Middleware/App.php(19): Illuminate\Pipeline\Pipeline->Illuminate\Pipeline\{closure}()
#32 /var/www/traineasy/vendor/laravel/framework/src/Illuminate/Pipeline/Pipeline.php(183): App\Http\Middleware\App->handle()
#33 /var/www/traineasy/vendor/laravel/framework/src/Illuminate/Session/Middleware/StartSession.php(121): Illuminate\Pipeline\Pipeline->Illuminate\Pipeline\{closure}()
#34 /var/www/traineasy/vendor/laravel/framework/src/Illuminate/Session/Middleware/StartSession.php(64): Illuminate\Session\Middleware\StartSession->handleStatefulRequest()
#35 /var/www/traineasy/vendor/laravel/framework/src/Illuminate/Pipeline/Pipeline.php(183): Illuminate\Session\Middleware\StartSession->handle()
#36 /var/www/traineasy/vendor/laravel/framework/src/Illuminate/Cookie/Middleware/AddQueuedCookiesToResponse.php(37): Illuminate\Pipeline\Pipeline->Illuminate\Pipeline\{closure}()
#37 /var/www/traineasy/vendor/laravel/framework/src/Illuminate/Pipeline/Pipeline.php(183): Illuminate\Cookie\Middleware\AddQueuedCookiesToResponse->handle()
#38 /var/www/traineasy/vendor/laravel/framework/src/Illuminate/Cookie/Middleware/EncryptCookies.php(75): Illuminate\Pipeline\Pipeline->Illuminate\Pipeline\{closure}()
#39 /var/www/traineasy/vendor/laravel/framework/src/Illuminate/Pipeline/Pipeline.php(183): Illuminate\Cookie\Middleware\EncryptCookies->handle()
#40 /var/www/traineasy/vendor/laravel/framework/src/Illuminate/Pipeline/Pipeline.php(119): Illuminate\Pipeline\Pipeline->Illuminate\Pipeline\{closure}()
#41 /var/www/traineasy/vendor/laravel/framework/src/Illuminate/Routing/Router.php(805): Illuminate\Pipeline\Pipeline->then()
#42 /var/www/traineasy/vendor/laravel/framework/src/Illuminate/Routing/Router.php(784): Illuminate\Routing\Router->runRouteWithinStack()
#43 /var/www/traineasy/vendor/laravel/framework/src/Illuminate/Routing/Router.php(748): Illuminate\Routing\Router->runRoute()
#44 /var/www/traineasy/vendor/laravel/framework/src/Illuminate/Routing/Router.php(737): Illuminate\Routing\Router->dispatchToRoute()
#45 /var/www/traineasy/vendor/laravel/framework/src/Illuminate/Foundation/Http/Kernel.php(200): Illuminate\Routing\Router->dispatch()
#46 /var/www/traineasy/vendor/laravel/framework/src/Illuminate/Pipeline/Pipeline.php(144): Illuminate\Foundation\Http\Kernel->Illuminate\Foundation\Http\{closure}()
#47 /var/www/traineasy/vendor/livewire/livewire/src/Features/SupportDisablingBackButtonCache/DisableBackButtonCacheMiddleware.php(19): Illuminate\Pipeline\Pipeline->Illuminate\Pipeline\{closure}()
#48 /var/www/traineasy/vendor/laravel/framework/src/Illuminate/Pipeline/Pipeline.php(183): Livewire\Features\SupportDisablingBackButtonCache\DisableBackButtonCacheMiddleware->handle()
#49 /var/www/traineasy/vendor/laravel/framework/src/Illuminate/Foundation/Http/Middleware/TransformsRequest.php(21): Illuminate\Pipeline\Pipeline->Illuminate\Pipeline\{closure}()
#50 /var/www/traineasy/vendor/laravel/framework/src/Illuminate/Foundation/Http/Middleware/ConvertEmptyStringsToNull.php(31): Illuminate\Foundation\Http\Middleware\TransformsRequest->handle()
#51 /var/www/traineasy/vendor/laravel/framework/src/Illuminate/Pipeline/Pipeline.php(183): Illuminate\Foundation\Http\Middleware\ConvertEmptyStringsToNull->handle()
#52 /var/www/traineasy/vendor/laravel/framework/src/Illuminate/Foundation/Http/Middleware/TransformsRequest.php(21): Illuminate\Pipeline\Pipeline->Illuminate\Pipeline\{closure}()
#53 /var/www/traineasy/vendor/laravel/framework/src/Illuminate/Foundation/Http/Middleware/TrimStrings.php(51): Illuminate\Foundation\Http\Middleware\TransformsRequest->handle()
#54 /var/www/traineasy/vendor/laravel/framework/src/Illuminate/Pipeline/Pipeline.php(183): Illuminate\Foundation\Http\Middleware\TrimStrings->handle()
#55 /var/www/traineasy/vendor/laravel/framework/src/Illuminate/Http/Middleware/ValidatePostSize.php(27): Illuminate\Pipeline\Pipeline->Illuminate\Pipeline\{closure}()
#56 /var/www/traineasy/vendor/laravel/framework/src/Illuminate/Pipeline/Pipeline.php(183): Illuminate\Http\Middleware\ValidatePostSize->handle()
#57 /var/www/traineasy/vendor/laravel/framework/src/Illuminate/Foundation/Http/Middleware/PreventRequestsDuringMaintenance.php(110): Illuminate\Pipeline\Pipeline->Illuminate\Pipeline\{closure}()
#58 /var/www/traineasy/vendor/laravel/framework/src/Illuminate/Pipeline/Pipeline.php(183): Illuminate\Foundation\Http\Middleware\PreventRequestsDuringMaintenance->handle()
#59 /var/www/traineasy/vendor/laravel/framework/src/Illuminate/Http/Middleware/HandleCors.php(49): Illuminate\Pipeline\Pipeline->Illuminate\Pipeline\{closure}()
#60 /var/www/traineasy/vendor/laravel/framework/src/Illuminate/Pipeline/Pipeline.php(183): Illuminate\Http\Middleware\HandleCors->handle()
#61 /var/www/traineasy/vendor/laravel/framework/src/Illuminate/Http/Middleware/TrustProxies.php(57): Illuminate\Pipeline\Pipeline->Illuminate\Pipeline\{closure}()
#62 /var/www/traineasy/vendor/laravel/framework/src/Illuminate/Pipeline/Pipeline.php(183): Illuminate\Http\Middleware\TrustProxies->handle()
#63 /var/www/traineasy/vendor/laravel/framework/src/Illuminate/Pipeline/Pipeline.php(119): Illuminate\Pipeline\Pipeline->Illuminate\Pipeline\{closure}()
#64 /var/www/traineasy/vendor/laravel/framework/src/Illuminate/Foundation/Http/Kernel.php(175): Illuminate\Pipeline\Pipeline->then()
#65 /var/www/traineasy/vendor/laravel/framework/src/Illuminate/Foundation/Http/Kernel.php(144): Illuminate\Foundation\Http\Kernel->sendRequestThroughRouter()
#66 /var/www/traineasy/public/index.php(54): Illuminate\Foundation\Http\Kernel->handle()
#67 {main}  
